                                      1 ;--------------------------------------------------------
                                      2 ; File Created by SDCC : free open source ISO C Compiler
                                      3 ; Version 4.5.1 #15267 (Mac OS X ppc)
                                      4 ;--------------------------------------------------------
                                      5 	.module main
                                      6 	
                                      7 ;--------------------------------------------------------
                                      8 ; Public variables in this module
                                      9 ;--------------------------------------------------------
                                     10 	.globl _main
                                     11 	.globl _printf
                                     12 ;--------------------------------------------------------
                                     13 ; special function registers
                                     14 ;--------------------------------------------------------
                                     15 ;--------------------------------------------------------
                                     16 ; ram data
                                     17 ;--------------------------------------------------------
                                     18 	.area _DATA
                                     19 ;--------------------------------------------------------
                                     20 ; ram data
                                     21 ;--------------------------------------------------------
                                     22 	.area _INITIALIZED
                                     23 ;--------------------------------------------------------
                                     24 ; absolute external ram data
                                     25 ;--------------------------------------------------------
                                     26 	.area _DABS (ABS)
                                     27 ;--------------------------------------------------------
                                     28 ; global & static initialisations
                                     29 ;--------------------------------------------------------
                                     30 	.area _HOME
                                     31 	.area _GSINIT
                                     32 	.area _GSFINAL
                                     33 	.area _GSINIT
                                     34 ;--------------------------------------------------------
                                     35 ; Home
                                     36 ;--------------------------------------------------------
                                     37 	.area _HOME
                                     38 	.area _HOME
                                     39 ;--------------------------------------------------------
                                     40 ; code
                                     41 ;--------------------------------------------------------
                                     42 	.area _CODE
                         00000000    43 	G$main$0$0	= .
                                     44 	.globl	G$main$0$0
                         00000000    45 	C$main.c$3$0_0$8	= .
                                     46 	.globl	C$main.c$3$0_0$8
                                     47 ;src/main.c:3: void main(voi)
                                     48 ;	---------------------------------
                                     49 ; Function main
                                     50 ; ---------------------------------
    00000000                         51 _main::
                         00000000    52 	C$main.c$5$1_0$8	= .
                                     53 	.globl	C$main.c$5$1_0$8
                                     54 ;src/main.c:5: printf("Hello World");
    00000000 11r09r00         [12]   55 	ld	de, #___str_0
    00000003 D5               [16]   56 	push	de
    00000004 CDr00r00         [24]   57 	call	_printf
    00000007 E1               [12]   58 	pop	hl
                         00000008    59 	C$main.c$6$1_0$8	= .
                                     60 	.globl	C$main.c$6$1_0$8
                                     61 ;src/main.c:6: }
                         00000008    62 	C$main.c$6$1_0$8	= .
                                     63 	.globl	C$main.c$6$1_0$8
                         00000008    64 	XG$main$0$0	= .
                                     65 	.globl	XG$main$0$0
    00000008 C9               [16]   66 	ret
                         00000009    67 Fmain$__str_0$0_0$0 == .
    00000009                         68 ___str_0:
    00000009 48 65 6C 6C 6F 20 57    69 	.ascii "Hello World"
             6F 72 6C 64
    00000014 00                      70 	.db 0x00
                                     71 	.area _CODE
                                     72 	.area _INITIALIZER
                                     73 	.area _CABS (ABS)
